# JRE version: Java(TM) SE Runtime Environment (17.0.9+11) (build 17.0.9+11-LTS-201)
# Java VM: Java HotSpot(TM) 64-Bit Server VM (17.0.9+11-LTS-201, mixed mode, sharing, tiered, compressed oops, compressed class ptrs, g1 gc, windows-amd64)
GC Precious Log:
 CPUs: 16 total, 16 available
 Memory: 16008M
 Large Page Support: Disabled
 NUMA Support: Disabled
 Compressed Oops: Enabled (Zero based)
 Heap Region Size: 2M
 Heap Min Capacity: 8M
 Heap Initial Capacity: 252M
 Heap Max Capacity: 4004M
 Pre-touch: Disabled
 Parallel Workers: 13
 Concurrent Workers: 3
 Concurrent Refinement Workers: 13
 Periodic GC: Disabled
Heap:
 garbage-first heap   total 98304K, used 40087K [0x0000000705c00000, 0x0000000800000000)
  region size 2048K, 6 young (12288K), 3 survivors (6144K)
 Metaspace       used 70370K, committed 70976K, reserved 1114112K
  class space    used 9278K, committed 9600K, reserved 1048576K
GC Heap History (20 events):
Event: 4.266 GC heap before
{Heap before GC invocations=7 (full 0):
 garbage-first heap   total 61440K, used 42243K [0x0000000705c00000, 0x0000000800000000)
  region size 2048K, 14 young (28672K), 2 survivors (4096K)
 Metaspace       used 31917K, committed 32320K, reserved 1114112K
  class space    used 4065K, committed 4224K, reserved 1048576K
}
Event: 4.276 GC heap after
{Heap after GC invocations=8 (full 0):
 garbage-first heap   total 159744K, used 19994K [0x0000000705c00000, 0x0000000800000000)
  region size 2048K, 2 young (4096K), 2 survivors (4096K)
 Metaspace       used 31917K, committed 32320K, reserved 1114112K
  class space    used 4065K, committed 4224K, reserved 1048576K
}
Event: 4.960 GC heap before
{Heap before GC invocations=8 (full 0):
 garbage-first heap   total 159744K, used 40474K [0x0000000705c00000, 0x0000000800000000)
  region size 2048K, 13 young (26624K), 2 survivors (4096K)
 Metaspace       used 35627K, committed 35968K, reserved 1114112K
  class space    used 4593K, committed 4736K, reserved 1048576K
}
Event: 4.965 GC heap after
{Heap after GC invocations=9 (full 0):
 garbage-first heap   total 159744K, used 20777K [0x0000000705c00000, 0x0000000800000000)
  region size 2048K, 2 young (4096K), 2 survivors (4096K)
 Metaspace       used 35627K, committed 35968K, reserved 1114112K
  class space    used 4593K, committed 4736K, reserved 1048576K
}
Event: 6.224 GC heap before
{Heap before GC invocations=10 (full 0):
 garbage-first heap   total 81920K, used 63785K [0x0000000705c00000, 0x0000000800000000)
  region size 2048K, 24 young (49152K), 2 survivors (4096K)
 Metaspace       used 48417K, committed 48832K, reserved 1114112K
  class space    used 6242K, committed 6464K, reserved 1048576K
}
Event: 6.231 GC heap after
{Heap after GC invocations=11 (full 0):
 garbage-first heap   total 81920K, used 23773K [0x0000000705c00000, 0x0000000800000000)
  region size 2048K, 3 young (6144K), 3 survivors (6144K)
 Metaspace       used 48417K, committed 48832K, reserved 1114112K
  class space    used 6242K, committed 6464K, reserved 1048576K
}
Event: 6.862 GC heap before
{Heap before GC invocations=11 (full 0):
 garbage-first heap   total 81920K, used 60637K [0x0000000705c00000, 0x0000000800000000)
  region size 2048K, 21 young (43008K), 3 survivors (6144K)
 Metaspace       used 55323K, committed 55744K, reserved 1114112K
  class space    used 7213K, committed 7424K, reserved 1048576K
}
Event: 6.871 GC heap after
{Heap after GC invocations=12 (full 0):
 garbage-first heap   total 81920K, used 25779K [0x0000000705c00000, 0x0000000800000000)
  region size 2048K, 1 young (2048K), 1 survivors (2048K)
 Metaspace       used 55323K, committed 55744K, reserved 1114112K
  class space    used 7213K, committed 7424K, reserved 1048576K
}
Event: 7.312 GC heap before
{Heap before GC invocations=12 (full 0):
 garbage-first heap   total 81920K, used 60595K [0x0000000705c00000, 0x0000000800000000)
  region size 2048K, 18 young (36864K), 1 survivors (2048K)
 Metaspace       used 58417K, committed 58880K, reserved 1114112K
  class space    used 7713K, committed 7936K, reserved 1048576K
}
Event: 7.316 GC heap after
{Heap after GC invocations=13 (full 0):
 garbage-first heap   total 81920K, used 26587K [0x0000000705c00000, 0x0000000800000000)
  region size 2048K, 2 young (4096K), 2 survivors (4096K)
 Metaspace       used 58417K, committed 58880K, reserved 1114112K
  class space    used 7713K, committed 7936K, reserved 1048576K
}
Event: 7.523 GC heap before
{Heap before GC invocations=13 (full 0):
 garbage-first heap   total 81920K, used 38875K [0x0000000705c00000, 0x0000000800000000)
  region size 2048K, 9 young (18432K), 2 survivors (4096K)
 Metaspace       used 59830K, committed 60288K, reserved 1114112K
  class space    used 7899K, committed 8128K, reserved 1048576K
}
Event: 7.527 GC heap after
{Heap after GC invocations=14 (full 0):
 garbage-first heap   total 81920K, used 26828K [0x0000000705c00000, 0x0000000800000000)
  region size 2048K, 2 young (4096K), 2 survivors (4096K)
 Metaspace       used 59830K, committed 60288K, reserved 1114112K
  class space    used 7899K, committed 8128K, reserved 1048576K
}
Event: 10.509 GC heap before
{Heap before GC invocations=15 (full 0):
 garbage-first heap   total 81920K, used 63692K [0x0000000705c00000, 0x0000000800000000)
  region size 2048K, 20 young (40960K), 2 survivors (4096K)
 Metaspace       used 65789K, committed 66304K, reserved 1114112K
  class space    used 8757K, committed 8960K, reserved 1048576K
}
Event: 10.514 GC heap after
{Heap after GC invocations=16 (full 0):
 garbage-first heap   total 81920K, used 29686K [0x0000000705c00000, 0x0000000800000000)
  region size 2048K, 3 young (6144K), 3 survivors (6144K)
 Metaspace       used 65789K, committed 66304K, reserved 1114112K
  class space    used 8757K, committed 8960K, reserved 1048576K
}
Event: 10.911 GC heap before
{Heap before GC invocations=16 (full 0):
 garbage-first heap   total 81920K, used 62454K [0x0000000705c00000, 0x0000000800000000)
  region size 2048K, 19 young (38912K), 3 survivors (6144K)
 Metaspace       used 67041K, committed 67584K, reserved 1114112K
  class space    used 8876K, committed 9088K, reserved 1048576K
}
Event: 10.915 GC heap after
{Heap after GC invocations=17 (full 0):
 garbage-first heap   total 81920K, used 31864K [0x0000000705c00000, 0x0000000800000000)
  region size 2048K, 3 young (6144K), 3 survivors (6144K)
 Metaspace       used 67041K, committed 67584K, reserved 1114112K
  class space    used 8876K, committed 9088K, reserved 1048576K
}
Event: 11.238 GC heap before
{Heap before GC invocations=17 (full 0):
 garbage-first heap   total 81920K, used 64632K [0x0000000705c00000, 0x0000000800000000)
  region size 2048K, 19 young (38912K), 3 survivors (6144K)
 Metaspace       used 67741K, committed 68224K, reserved 1114112K
  class space    used 8917K, committed 9152K, reserved 1048576K
}
Event: 11.242 GC heap after
{Heap after GC invocations=18 (full 0):
 garbage-first heap   total 81920K, used 33821K [0x0000000705c00000, 0x0000000800000000)
  region size 2048K, 3 young (6144K), 3 survivors (6144K)
 Metaspace       used 67741K, committed 68224K, reserved 1114112K
  class space    used 8917K, committed 9152K, reserved 1048576K
}
Event: 12.068 GC heap before
{Heap before GC invocations=18 (full 0):
 garbage-first heap   total 81920K, used 64541K [0x0000000705c00000, 0x0000000800000000)
  region size 2048K, 18 young (36864K), 3 survivors (6144K)
 Metaspace       used 70094K, committed 70656K, reserved 1114112K
  class space    used 9230K, committed 9536K, reserved 1048576K
}
Event: 12.071 GC heap after
{Heap after GC invocations=19 (full 0):
 garbage-first heap   total 98304K, used 35991K [0x0000000705c00000, 0x0000000800000000)
  region size 2048K, 3 young (6144K), 3 survivors (6144K)
 Metaspace       used 70094K, committed 70656K, reserved 1114112K
  class space    used 9230K, committed 9536K, reserved 1048576K
}

