# JRE version: Java(TM) SE Runtime Environment (17.0.9+11) (build 17.0.9+11-LTS-201)
# Java VM: Java HotSpot(TM) 64-Bit Server VM (17.0.9+11-LTS-201, mixed mode, sharing, tiered, compressed oops, compressed class ptrs, g1 gc, windows-amd64)
GC Precious Log:
 CPUs: 16 total, 16 available
 Memory: 16008M
 Large Page Support: Disabled
 NUMA Support: Disabled
 Compressed Oops: Enabled (Zero based)
 Heap Region Size: 2M
 Heap Min Capacity: 8M
 Heap Initial Capacity: 252M
 Heap Max Capacity: 4004M
 Pre-touch: Disabled
 Parallel Workers: 13
 Concurrent Workers: 3
 Concurrent Refinement Workers: 13
 Periodic GC: Disabled
Heap:
 garbage-first heap   total 102400K, used 63857K [0x0000000705c00000, 0x0000000800000000)
  region size 2048K, 18 young (36864K), 3 survivors (6144K)
 Metaspace       used 76355K, committed 76928K, reserved 1179648K
  class space    used 10003K, committed 10304K, reserved 1048576K
GC Heap History (20 events):
Event: 5.113 GC heap before
{Heap before GC invocations=7 (full 0):
 garbage-first heap   total 61440K, used 42557K [0x0000000705c00000, 0x0000000800000000)
  region size 2048K, 14 young (28672K), 2 survivors (4096K)
 Metaspace       used 31367K, committed 31744K, reserved 1114112K
  class space    used 3979K, committed 4160K, reserved 1048576K
}
Event: 5.121 GC heap after
{Heap after GC invocations=8 (full 0):
 garbage-first heap   total 61440K, used 19945K [0x0000000705c00000, 0x0000000800000000)
  region size 2048K, 1 young (2048K), 1 survivors (2048K)
 Metaspace       used 31367K, committed 31744K, reserved 1114112K
  class space    used 3979K, committed 4160K, reserved 1048576K
}
Event: 6.049 GC heap before
{Heap before GC invocations=8 (full 0):
 garbage-first heap   total 61440K, used 44521K [0x0000000705c00000, 0x0000000800000000)
  region size 2048K, 13 young (26624K), 1 survivors (2048K)
 Metaspace       used 34840K, committed 35264K, reserved 1114112K
  class space    used 4414K, committed 4608K, reserved 1048576K
}
Event: 6.057 GC heap after
{Heap after GC invocations=9 (full 0):
 garbage-first heap   total 61440K, used 21576K [0x0000000705c00000, 0x0000000800000000)
  region size 2048K, 2 young (4096K), 2 survivors (4096K)
 Metaspace       used 34840K, committed 35264K, reserved 1114112K
  class space    used 4414K, committed 4608K, reserved 1048576K
}
Event: 6.210 GC heap before
{Heap before GC invocations=9 (full 0):
 garbage-first heap   total 61440K, used 23624K [0x0000000705c00000, 0x0000000800000000)
  region size 2048K, 4 young (8192K), 2 survivors (4096K)
 Metaspace       used 35570K, committed 35968K, reserved 1114112K
  class space    used 4530K, committed 4736K, reserved 1048576K
}
Event: 6.217 GC heap after
{Heap after GC invocations=10 (full 0):
 garbage-first heap   total 61440K, used 21779K [0x0000000705c00000, 0x0000000800000000)
  region size 2048K, 1 young (2048K), 1 survivors (2048K)
 Metaspace       used 35570K, committed 35968K, reserved 1114112K
  class space    used 4530K, committed 4736K, reserved 1048576K
}
Event: 7.044 GC heap before
{Heap before GC invocations=11 (full 0):
 garbage-first heap   total 61440K, used 44307K [0x0000000705c00000, 0x0000000800000000)
  region size 2048K, 13 young (26624K), 1 survivors (2048K)
 Metaspace       used 41403K, committed 41856K, reserved 1114112K
  class space    used 5349K, committed 5568K, reserved 1048576K
}
Event: 7.050 GC heap after
{Heap after GC invocations=12 (full 0):
 garbage-first heap   total 61440K, used 23308K [0x0000000705c00000, 0x0000000800000000)
  region size 2048K, 2 young (4096K), 2 survivors (4096K)
 Metaspace       used 41403K, committed 41856K, reserved 1114112K
  class space    used 5349K, committed 5568K, reserved 1048576K
}
Event: 7.104 GC heap before
{Heap before GC invocations=12 (full 0):
 garbage-first heap   total 61440K, used 25356K [0x0000000705c00000, 0x0000000800000000)
  region size 2048K, 3 young (6144K), 2 survivors (4096K)
 Metaspace       used 42124K, committed 42560K, reserved 1114112K
  class space    used 5439K, committed 5632K, reserved 1048576K
}
Event: 7.113 GC heap after
{Heap after GC invocations=13 (full 0):
 garbage-first heap   total 61440K, used 23348K [0x0000000705c00000, 0x0000000800000000)
  region size 2048K, 1 young (2048K), 1 survivors (2048K)
 Metaspace       used 42124K, committed 42560K, reserved 1114112K
  class space    used 5439K, committed 5632K, reserved 1048576K
}
Event: 7.620 GC heap before
{Heap before GC invocations=13 (full 0):
 garbage-first heap   total 61440K, used 45876K [0x0000000705c00000, 0x0000000800000000)
  region size 2048K, 12 young (24576K), 1 survivors (2048K)
 Metaspace       used 49453K, committed 49920K, reserved 1114112K
  class space    used 6366K, committed 6592K, reserved 1048576K
}
Event: 7.625 GC heap after
{Heap after GC invocations=14 (full 0):
 garbage-first heap   total 159744K, used 24495K [0x0000000705c00000, 0x0000000800000000)
  region size 2048K, 1 young (2048K), 1 survivors (2048K)
 Metaspace       used 49453K, committed 49920K, reserved 1114112K
  class space    used 6366K, committed 6592K, reserved 1048576K
}
Event: 9.000 GC heap before
{Heap before GC invocations=14 (full 0):
 garbage-first heap   total 159744K, used 106415K [0x0000000705c00000, 0x0000000800000000)
  region size 2048K, 42 young (86016K), 1 survivors (2048K)
 Metaspace       used 59750K, committed 60160K, reserved 1114112K
  class space    used 7857K, committed 8064K, reserved 1048576K
}
Event: 9.006 GC heap after
{Heap after GC invocations=15 (full 0):
 garbage-first heap   total 159744K, used 27370K [0x0000000705c00000, 0x0000000800000000)
  region size 2048K, 3 young (6144K), 3 survivors (6144K)
 Metaspace       used 59750K, committed 60160K, reserved 1114112K
  class space    used 7857K, committed 8064K, reserved 1048576K
}
Event: 10.818 GC heap before
{Heap before GC invocations=16 (full 0):
 garbage-first heap   total 102400K, used 86762K [0x0000000705c00000, 0x0000000800000000)
  region size 2048K, 33 young (67584K), 3 survivors (6144K)
 Metaspace       used 68096K, committed 68736K, reserved 1114112K
  class space    used 9016K, committed 9344K, reserved 1048576K
}
Event: 10.824 GC heap after
{Heap after GC invocations=17 (full 0):
 garbage-first heap   total 102400K, used 31421K [0x0000000705c00000, 0x0000000800000000)
  region size 2048K, 5 young (10240K), 5 survivors (10240K)
 Metaspace       used 68096K, committed 68736K, reserved 1114112K
  class space    used 9016K, committed 9344K, reserved 1048576K
}
Event: 11.330 GC heap before
{Heap before GC invocations=17 (full 0):
 garbage-first heap   total 102400K, used 80573K [0x0000000705c00000, 0x0000000800000000)
  region size 2048K, 29 young (59392K), 5 survivors (10240K)
 Metaspace       used 69250K, committed 69888K, reserved 1114112K
  class space    used 9083K, committed 9408K, reserved 1048576K
}
Event: 11.336 GC heap after
{Heap after GC invocations=18 (full 0):
 garbage-first heap   total 102400K, used 34484K [0x0000000705c00000, 0x0000000800000000)
  region size 2048K, 2 young (4096K), 2 survivors (4096K)
 Metaspace       used 69250K, committed 69888K, reserved 1114112K
  class space    used 9083K, committed 9408K, reserved 1048576K
}
Event: 12.514 GC heap before
{Heap before GC invocations=18 (full 0):
 garbage-first heap   total 102400K, used 79540K [0x0000000705c00000, 0x0000000800000000)
  region size 2048K, 24 young (49152K), 2 survivors (4096K)
 Metaspace       used 72743K, committed 73344K, reserved 1114112K
  class space    used 9543K, committed 9856K, reserved 1048576K
}
Event: 12.518 GC heap after
{Heap after GC invocations=19 (full 0):
 garbage-first heap   total 102400K, used 37233K [0x0000000705c00000, 0x0000000800000000)
  region size 2048K, 3 young (6144K), 3 survivors (6144K)
 Metaspace       used 72743K, committed 73344K, reserved 1114112K
  class space    used 9543K, committed 9856K, reserved 1048576K
}

