# JRE version: Java(TM) SE Runtime Environment (17.0.9+11) (build 17.0.9+11-LTS-201)
# Java VM: Java HotSpot(TM) 64-Bit Server VM (17.0.9+11-LTS-201, mixed mode, sharing, tiered, compressed oops, compressed class ptrs, g1 gc, windows-amd64)
GC Precious Log:
 CPUs: 16 total, 16 available
 Memory: 16008M
 Large Page Support: Disabled
 NUMA Support: Disabled
 Compressed Oops: Enabled (Zero based)
 Heap Region Size: 2M
 Heap Min Capacity: 8M
 Heap Initial Capacity: 252M
 Heap Max Capacity: 4004M
 Pre-touch: Disabled
 Parallel Workers: 13
 Concurrent Workers: 3
 Concurrent Refinement Workers: 13
 Periodic GC: Disabled
Heap:
 garbage-first heap   total 110592K, used 56694K [0x0000000705c00000, 0x0000000800000000)
  region size 2048K, 13 young (26624K), 2 survivors (4096K)
 Metaspace       used 77068K, committed 77632K, reserved 1179648K
  class space    used 10345K, committed 10624K, reserved 1048576K
GC Heap History (20 events):
Event: 4.031 GC heap before
{Heap before GC invocations=7 (full 0):
 garbage-first heap   total 61440K, used 42813K [0x0000000705c00000, 0x0000000800000000)
  region size 2048K, 14 young (28672K), 1 survivors (2048K)
 Metaspace       used 31718K, committed 32064K, reserved 1114112K
  class space    used 4001K, committed 4160K, reserved 1048576K
}
Event: 4.038 GC heap after
{Heap after GC invocations=8 (full 0):
 garbage-first heap   total 159744K, used 20354K [0x0000000705c00000, 0x0000000800000000)
  region size 2048K, 2 young (4096K), 2 survivors (4096K)
 Metaspace       used 31718K, committed 32064K, reserved 1114112K
  class space    used 4001K, committed 4160K, reserved 1048576K
}
Event: 4.611 GC heap before
{Heap before GC invocations=8 (full 0):
 garbage-first heap   total 159744K, used 46978K [0x0000000705c00000, 0x0000000800000000)
  region size 2048K, 16 young (32768K), 2 survivors (4096K)
 Metaspace       used 35543K, committed 35968K, reserved 1114112K
  class space    used 4526K, committed 4736K, reserved 1048576K
}
Event: 4.619 GC heap after
{Heap after GC invocations=9 (full 0):
 garbage-first heap   total 159744K, used 22402K [0x0000000705c00000, 0x0000000800000000)
  region size 2048K, 3 young (6144K), 3 survivors (6144K)
 Metaspace       used 35543K, committed 35968K, reserved 1114112K
  class space    used 4526K, committed 4736K, reserved 1048576K
}
Event: 5.786 GC heap before
{Heap before GC invocations=10 (full 0):
 garbage-first heap   total 81920K, used 65410K [0x0000000705c00000, 0x0000000800000000)
  region size 2048K, 24 young (49152K), 3 survivors (6144K)
 Metaspace       used 47094K, committed 47552K, reserved 1114112K
  class space    used 5896K, committed 6144K, reserved 1048576K
}
Event: 5.799 GC heap after
{Heap after GC invocations=11 (full 0):
 garbage-first heap   total 81920K, used 25901K [0x0000000705c00000, 0x0000000800000000)
  region size 2048K, 3 young (6144K), 3 survivors (6144K)
 Metaspace       used 47094K, committed 47552K, reserved 1114112K
  class space    used 5896K, committed 6144K, reserved 1048576K
}
Event: 5.858 GC heap before
{Heap before GC invocations=11 (full 0):
 garbage-first heap   total 81920K, used 27949K [0x0000000705c00000, 0x0000000800000000)
  region size 2048K, 4 young (8192K), 3 survivors (6144K)
 Metaspace       used 47510K, committed 47936K, reserved 1114112K
  class space    used 5980K, committed 6208K, reserved 1048576K
}
Event: 5.867 GC heap after
{Heap after GC invocations=12 (full 0):
 garbage-first heap   total 81920K, used 25881K [0x0000000705c00000, 0x0000000800000000)
  region size 2048K, 1 young (2048K), 1 survivors (2048K)
 Metaspace       used 47510K, committed 47936K, reserved 1114112K
  class space    used 5980K, committed 6208K, reserved 1048576K
}
Event: 6.808 GC heap before
{Heap before GC invocations=12 (full 0):
 garbage-first heap   total 81920K, used 58649K [0x0000000705c00000, 0x0000000800000000)
  region size 2048K, 18 young (36864K), 1 survivors (2048K)
 Metaspace       used 54334K, committed 54784K, reserved 1114112K
  class space    used 6976K, committed 7232K, reserved 1048576K
}
Event: 6.815 GC heap after
{Heap after GC invocations=13 (full 0):
 garbage-first heap   total 118784K, used 27048K [0x0000000705c00000, 0x0000000800000000)
  region size 2048K, 2 young (4096K), 2 survivors (4096K)
 Metaspace       used 54334K, committed 54784K, reserved 1114112K
  class space    used 6976K, committed 7232K, reserved 1048576K
}
Event: 7.142 GC heap before
{Heap before GC invocations=13 (full 0):
 garbage-first heap   total 118784K, used 51624K [0x0000000705c00000, 0x0000000800000000)
  region size 2048K, 15 young (30720K), 2 survivors (4096K)
 Metaspace       used 59674K, committed 60096K, reserved 1114112K
  class space    used 7717K, committed 7936K, reserved 1048576K
}
Event: 7.148 GC heap after
{Heap after GC invocations=14 (full 0):
 garbage-first heap   total 118784K, used 27640K [0x0000000705c00000, 0x0000000800000000)
  region size 2048K, 2 young (4096K), 2 survivors (4096K)
 Metaspace       used 59674K, committed 60096K, reserved 1114112K
  class space    used 7717K, committed 7936K, reserved 1048576K
}
Event: 7.961 GC heap before
{Heap before GC invocations=15 (full 0):
 garbage-first heap   total 110592K, used 89080K [0x0000000705c00000, 0x0000000800000000)
  region size 2048K, 32 young (65536K), 2 survivors (4096K)
 Metaspace       used 66390K, committed 67008K, reserved 1114112K
  class space    used 8811K, committed 9152K, reserved 1048576K
}
Event: 7.968 GC heap after
{Heap after GC invocations=16 (full 0):
 garbage-first heap   total 110592K, used 29950K [0x0000000705c00000, 0x0000000800000000)
  region size 2048K, 3 young (6144K), 3 survivors (6144K)
 Metaspace       used 66390K, committed 67008K, reserved 1114112K
  class space    used 8811K, committed 9152K, reserved 1048576K
}
Event: 8.074 GC heap before
{Heap before GC invocations=16 (full 0):
 garbage-first heap   total 110592K, used 31998K [0x0000000705c00000, 0x0000000800000000)
  region size 2048K, 4 young (8192K), 3 survivors (6144K)
 Metaspace       used 66522K, committed 67136K, reserved 1114112K
  class space    used 8816K, committed 9152K, reserved 1048576K
}
Event: 8.080 GC heap after
{Heap after GC invocations=17 (full 0):
 garbage-first heap   total 110592K, used 30140K [0x0000000705c00000, 0x0000000800000000)
  region size 2048K, 1 young (2048K), 1 survivors (2048K)
 Metaspace       used 66522K, committed 67136K, reserved 1114112K
  class space    used 8816K, committed 9152K, reserved 1048576K
}
Event: 8.897 GC heap before
{Heap before GC invocations=17 (full 0):
 garbage-first heap   total 110592K, used 83388K [0x0000000705c00000, 0x0000000800000000)
  region size 2048K, 27 young (55296K), 1 survivors (2048K)
 Metaspace       used 74171K, committed 74816K, reserved 1114112K
  class space    used 10044K, committed 10368K, reserved 1048576K
}
Event: 8.901 GC heap after
{Heap after GC invocations=18 (full 0):
 garbage-first heap   total 110592K, used 33711K [0x0000000705c00000, 0x0000000800000000)
  region size 2048K, 3 young (6144K), 3 survivors (6144K)
 Metaspace       used 74171K, committed 74816K, reserved 1114112K
  class space    used 10044K, committed 10368K, reserved 1048576K
}
Event: 9.406 GC heap before
{Heap before GC invocations=18 (full 0):
 garbage-first heap   total 110592K, used 80815K [0x0000000705c00000, 0x0000000800000000)
  region size 2048K, 27 young (55296K), 3 survivors (6144K)
 Metaspace       used 76531K, committed 77184K, reserved 1179648K
  class space    used 10312K, committed 10624K, reserved 1048576K
}
Event: 9.411 GC heap after
{Heap after GC invocations=19 (full 0):
 garbage-first heap   total 110592K, used 36214K [0x0000000705c00000, 0x0000000800000000)
  region size 2048K, 2 young (4096K), 2 survivors (4096K)
 Metaspace       used 76531K, committed 77184K, reserved 1179648K
  class space    used 10312K, committed 10624K, reserved 1048576K
}

